[03-Jan-2025 17:16:21] NOTICE: fpm is running, pid 54711
[03-Jan-2025 17:16:21] NOTICE: ready to handle connections
[04-Jan-2025 07:16:57] NOTICE: Terminating ...
[04-Jan-2025 07:16:57] NOTICE: Terminating ...
[04-Jan-2025 07:16:57] NOTICE: exiting, bye-bye!
[06-Jan-2025 16:32:12] NOTICE: fpm is running, pid 64345
[06-Jan-2025 16:32:12] NOTICE: ready to handle connections
[07-Jan-2025 08:41:44] NOTICE: Terminating ...
[07-Jan-2025 08:41:44] NOTICE: Terminating ...
[07-Jan-2025 08:41:44] NOTICE: exiting, bye-bye!
[07-Jan-2025 16:21:27] NOTICE: fpm is running, pid 73763
[07-Jan-2025 16:21:27] NOTICE: ready to handle connections
[08-Jan-2025 08:33:50] NOTICE: Terminating ...
[08-Jan-2025 08:33:50] NOTICE: Terminating ...
[08-Jan-2025 08:33:50] NOTICE: exiting, bye-bye!
[08-Jan-2025 14:13:41] NOTICE: fpm is running, pid 81984
[08-Jan-2025 14:13:41] NOTICE: ready to handle connections
[09-Jan-2025 08:45:53] NOTICE: Terminating ...
[09-Jan-2025 08:45:53] NOTICE: Terminating ...
[09-Jan-2025 08:45:53] NOTICE: exiting, bye-bye!
[09-Jan-2025 12:47:57] NOTICE: fpm is running, pid 90787
[09-Jan-2025 12:47:57] NOTICE: ready to handle connections
[10-Jan-2025 17:50:18] NOTICE: Terminating ...
[10-Jan-2025 17:50:18] NOTICE: Terminating ...
[10-Jan-2025 17:50:18] NOTICE: exiting, bye-bye!
[11-Jan-2025 12:05:51] NOTICE: fpm is running, pid 8260
[11-Jan-2025 12:05:51] NOTICE: ready to handle connections
[13-Jan-2025 08:28:55] NOTICE: Terminating ...
[13-Jan-2025 08:28:55] NOTICE: Terminating ...
[13-Jan-2025 08:28:55] NOTICE: exiting, bye-bye!
[13-Jan-2025 14:04:06] NOTICE: fpm is running, pid 5853
[13-Jan-2025 14:04:06] NOTICE: ready to handle connections
[15-Jan-2025 09:09:56] NOTICE: Terminating ...
[15-Jan-2025 09:09:56] NOTICE: Terminating ...
[15-Jan-2025 09:09:56] NOTICE: exiting, bye-bye!
[15-Jan-2025 10:32:45] NOTICE: fpm is running, pid 26121
[15-Jan-2025 10:32:45] NOTICE: ready to handle connections
[15-Jan-2025 13:24:08] NOTICE: Terminating ...
[15-Jan-2025 13:24:08] NOTICE: Terminating ...
[15-Jan-2025 13:24:08] NOTICE: exiting, bye-bye!
[15-Jan-2025 17:13:15] NOTICE: fpm is running, pid 29490
[15-Jan-2025 17:13:15] NOTICE: ready to handle connections
[16-Jan-2025 08:35:16] NOTICE: Terminating ...
[16-Jan-2025 08:35:16] NOTICE: Terminating ...
[16-Jan-2025 08:35:16] NOTICE: exiting, bye-bye!
[16-Jan-2025 15:57:15] NOTICE: fpm is running, pid 36337
[16-Jan-2025 15:57:15] NOTICE: ready to handle connections
[17-Jan-2025 09:25:38] NOTICE: Terminating ...
[17-Jan-2025 09:25:38] NOTICE: Terminating ...
[17-Jan-2025 09:25:38] NOTICE: exiting, bye-bye!
[19-Jan-2025 06:39:23] NOTICE: fpm is running, pid 2177
[19-Jan-2025 06:39:23] NOTICE: ready to handle connections
[19-Jan-2025 07:01:41] NOTICE: Terminating ...
[19-Jan-2025 07:01:41] NOTICE: Terminating ...
[19-Jan-2025 07:01:41] NOTICE: exiting, bye-bye!
[20-Jan-2025 10:20:37] NOTICE: fpm is running, pid 6953
[20-Jan-2025 10:20:37] NOTICE: ready to handle connections
[20-Jan-2025 13:35:28] NOTICE: Terminating ...
[20-Jan-2025 13:35:28] NOTICE: Terminating ...
[20-Jan-2025 13:35:28] NOTICE: exiting, bye-bye!
[21-Jan-2025 13:52:18] NOTICE: fpm is running, pid 15211
[21-Jan-2025 13:52:18] NOTICE: ready to handle connections
[21-Jan-2025 14:34:47] NOTICE: Terminating ...
[21-Jan-2025 14:34:47] NOTICE: Terminating ...
[21-Jan-2025 14:34:47] NOTICE: exiting, bye-bye!
[21-Jan-2025 16:12:19] NOTICE: fpm is running, pid 17017
[21-Jan-2025 16:12:19] NOTICE: ready to handle connections
[21-Jan-2025 16:42:36] NOTICE: Terminating ...
[21-Jan-2025 16:42:36] NOTICE: Terminating ...
[21-Jan-2025 16:42:36] NOTICE: exiting, bye-bye!
[21-Jan-2025 17:16:47] NOTICE: fpm is running, pid 17746
[21-Jan-2025 17:16:47] NOTICE: ready to handle connections
[22-Jan-2025 08:52:00] NOTICE: Terminating ...
[22-Jan-2025 08:52:00] NOTICE: Terminating ...
[22-Jan-2025 08:52:00] NOTICE: exiting, bye-bye!
[22-Jan-2025 14:29:02] NOTICE: fpm is running, pid 23250
[22-Jan-2025 14:29:02] NOTICE: ready to handle connections
[22-Jan-2025 14:55:47] NOTICE: Terminating ...
[22-Jan-2025 14:55:47] NOTICE: Terminating ...
[22-Jan-2025 14:55:47] NOTICE: exiting, bye-bye!
[22-Jan-2025 17:36:14] NOTICE: fpm is running, pid 28492
[22-Jan-2025 17:36:14] NOTICE: ready to handle connections
[22-Jan-2025 19:15:07] NOTICE: Terminating ...
[22-Jan-2025 19:15:07] NOTICE: Terminating ...
[22-Jan-2025 19:15:07] NOTICE: exiting, bye-bye!
[29-Jan-2025 09:26:49] NOTICE: fpm is running, pid 36985
[29-Jan-2025 09:26:49] NOTICE: ready to handle connections
[29-Jan-2025 09:55:00] NOTICE: Terminating ...
[29-Jan-2025 09:55:00] NOTICE: Terminating ...
[29-Jan-2025 09:55:00] NOTICE: exiting, bye-bye!
[29-Jan-2025 19:42:05] NOTICE: fpm is running, pid 44314
[29-Jan-2025 19:42:05] NOTICE: ready to handle connections
[30-Jan-2025 08:52:59] NOTICE: Terminating ...
[30-Jan-2025 08:52:59] NOTICE: Terminating ...
[30-Jan-2025 08:52:59] NOTICE: exiting, bye-bye!
[30-Jan-2025 13:26:11] NOTICE: fpm is running, pid 49712
[30-Jan-2025 13:26:11] NOTICE: ready to handle connections
[31-Jan-2025 08:26:21] NOTICE: Terminating ...
[31-Jan-2025 08:26:21] NOTICE: Terminating ...
[31-Jan-2025 08:26:21] NOTICE: exiting, bye-bye!
[04-Feb-2025 14:00:34] NOTICE: fpm is running, pid 73265
[04-Feb-2025 14:00:34] NOTICE: ready to handle connections
[04-Feb-2025 14:51:36] NOTICE: Terminating ...
[04-Feb-2025 14:51:36] NOTICE: Terminating ...
[04-Feb-2025 14:51:36] NOTICE: exiting, bye-bye!
[04-Feb-2025 17:25:08] NOTICE: fpm is running, pid 75668
[04-Feb-2025 17:25:08] NOTICE: ready to handle connections
[05-Feb-2025 09:06:58] NOTICE: Terminating ...
[05-Feb-2025 09:06:58] NOTICE: Terminating ...
[05-Feb-2025 09:06:58] NOTICE: exiting, bye-bye!
[05-Feb-2025 16:13:32] NOTICE: fpm is running, pid 80195
[05-Feb-2025 16:13:32] NOTICE: ready to handle connections
[05-Feb-2025 17:29:38] NOTICE: Terminating ...
[05-Feb-2025 17:29:38] NOTICE: Terminating ...
[05-Feb-2025 17:29:38] NOTICE: exiting, bye-bye!
[05-Feb-2025 18:11:15] NOTICE: fpm is running, pid 81706
[05-Feb-2025 18:11:15] NOTICE: ready to handle connections
[06-Feb-2025 08:38:17] NOTICE: Terminating ...
[06-Feb-2025 08:38:17] NOTICE: Terminating ...
[06-Feb-2025 08:38:17] NOTICE: exiting, bye-bye!
[07-Feb-2025 15:02:00] NOTICE: fpm is running, pid 95181
[07-Feb-2025 15:02:00] NOTICE: ready to handle connections
[07-Feb-2025 15:16:59] NOTICE: Terminating ...
[07-Feb-2025 15:16:59] NOTICE: Terminating ...
[07-Feb-2025 15:16:59] NOTICE: exiting, bye-bye!
[07-Feb-2025 17:31:22] NOTICE: fpm is running, pid 95990
[07-Feb-2025 17:31:22] NOTICE: ready to handle connections
[07-Feb-2025 17:46:45] NOTICE: Terminating ...
[07-Feb-2025 17:46:45] NOTICE: Terminating ...
[07-Feb-2025 17:46:45] NOTICE: exiting, bye-bye!
[08-Feb-2025 11:56:48] NOTICE: fpm is running, pid 97322
[08-Feb-2025 11:56:48] NOTICE: ready to handle connections
[08-Feb-2025 12:04:21] NOTICE: Terminating ...
[08-Feb-2025 12:04:21] NOTICE: Terminating ...
[08-Feb-2025 12:04:21] NOTICE: exiting, bye-bye!
[25-Feb-2025 18:49:08] NOTICE: fpm is running, pid 19866
[25-Feb-2025 18:49:08] NOTICE: ready to handle connections
[25-Feb-2025 19:09:52] NOTICE: Terminating ...
[25-Feb-2025 19:09:52] NOTICE: Terminating ...
[25-Feb-2025 19:09:52] NOTICE: exiting, bye-bye!
[04-Mar-2025 15:54:01] NOTICE: fpm is running, pid 12848
[04-Mar-2025 15:54:01] NOTICE: ready to handle connections
[04-Mar-2025 16:19:01] NOTICE: Terminating ...
[04-Mar-2025 16:19:01] NOTICE: Terminating ...
[04-Mar-2025 16:19:01] NOTICE: exiting, bye-bye!
[04-Mar-2025 18:16:41] NOTICE: fpm is running, pid 17981
[04-Mar-2025 18:16:41] NOTICE: ready to handle connections
[04-Mar-2025 18:16:43] NOTICE: Terminating ...
[04-Mar-2025 18:16:43] NOTICE: Terminating ...
[04-Mar-2025 18:16:43] NOTICE: exiting, bye-bye!
[04-Mar-2025 18:16:45] NOTICE: fpm is running, pid 18042
[04-Mar-2025 18:16:45] NOTICE: ready to handle connections
[04-Mar-2025 18:17:18] NOTICE: Terminating ...
[04-Mar-2025 18:17:18] NOTICE: Terminating ...
[04-Mar-2025 18:17:18] NOTICE: exiting, bye-bye!
[04-Mar-2025 18:17:39] NOTICE: fpm is running, pid 18369
[04-Mar-2025 18:17:39] NOTICE: ready to handle connections
[05-Mar-2025 08:19:30] NOTICE: Terminating ...
[05-Mar-2025 08:19:30] NOTICE: Terminating ...
[05-Mar-2025 08:19:30] NOTICE: exiting, bye-bye!
[05-Mar-2025 11:33:53] NOTICE: fpm is running, pid 26008
[05-Mar-2025 11:33:53] NOTICE: ready to handle connections
[05-Mar-2025 14:56:15] NOTICE: Terminating ...
[05-Mar-2025 14:56:15] NOTICE: Terminating ...
[05-Mar-2025 14:56:15] NOTICE: exiting, bye-bye!
[15-Mar-2025 11:33:34] NOTICE: fpm is running, pid 7545
[15-Mar-2025 11:33:34] NOTICE: ready to handle connections
[16-Mar-2025 18:04:49] NOTICE: Terminating ...
[16-Mar-2025 18:04:49] NOTICE: Terminating ...
[16-Mar-2025 18:04:49] NOTICE: exiting, bye-bye!
[18-Mar-2025 08:12:45] NOTICE: fpm is running, pid 35408
[18-Mar-2025 08:12:45] NOTICE: ready to handle connections
[18-Mar-2025 10:40:47] NOTICE: Terminating ...
[18-Mar-2025 10:40:47] NOTICE: Terminating ...
[18-Mar-2025 10:40:47] NOTICE: exiting, bye-bye!
[18-Mar-2025 14:08:19] NOTICE: fpm is running, pid 47747
[18-Mar-2025 14:08:19] NOTICE: ready to handle connections
[18-Mar-2025 14:53:03] NOTICE: Terminating ...
[18-Mar-2025 14:53:03] NOTICE: Terminating ...
[18-Mar-2025 14:53:03] NOTICE: exiting, bye-bye!
[19-Mar-2025 13:54:34] NOTICE: fpm is running, pid 14203
[19-Mar-2025 13:54:34] NOTICE: ready to handle connections
[19-Mar-2025 14:54:55] NOTICE: Terminating ...
[19-Mar-2025 14:54:55] NOTICE: Terminating ...
[19-Mar-2025 14:54:55] NOTICE: exiting, bye-bye!
[19-Mar-2025 14:54:57] NOTICE: fpm is running, pid 18437
[19-Mar-2025 14:54:57] NOTICE: ready to handle connections
[19-Mar-2025 17:47:08] NOTICE: Terminating ...
[19-Mar-2025 17:47:08] NOTICE: exiting, bye-bye!
